2023-02-27 15:58:56 INFO::Writing function arguments to log file
2023-02-27 15:58:56 DEBUG::Function arguments
2023-02-27 15:58:56 DEBUG::Output folder: L2_female_Jejunum_Maaslin2_Genotype
2023-02-27 15:58:56 DEBUG::Min Abundance: 0.000000
2023-02-27 15:58:56 DEBUG::Min Prevalence: 0.150000
2023-02-27 15:58:56 DEBUG::Normalization: TSS
2023-02-27 15:58:56 DEBUG::Transform: LOG
2023-02-27 15:58:56 DEBUG::Analysis method: LM
2023-02-27 15:58:56 DEBUG::Max significance: 0.250000
2023-02-27 15:58:56 DEBUG::Random effects:
2023-02-27 15:58:56 DEBUG::Fixed effects: Genotype
2023-02-27 15:58:56 DEBUG::Correction method: BH
2023-02-27 15:58:56 DEBUG::Standardize: TRUE
2023-02-27 15:58:56 DEBUG::Cores: 1
2023-02-27 15:58:56 INFO::Verifying options selected are valid
2023-02-27 15:58:56 INFO::Determining format of input files
2023-02-27 15:58:56 INFO::Input format is data samples as columns and metadata samples as rows
2023-02-27 15:58:56 DEBUG::Transformed data so samples are rows
2023-02-27 15:58:56 DEBUG::A total of 16 samples were found in both the data and metadata
2023-02-27 15:58:56 DEBUG::Reordering data/metadata to use same sample ordering
2023-02-27 15:58:56 INFO::Formula for fixed effects: expr ~  Genotype
2023-02-27 15:58:56 INFO::Running selected normalization method: TSS
2023-02-27 15:58:56 INFO::Filter data based on min abundance and min prevalence
2023-02-27 15:58:56 INFO::Total samples in data: 16
2023-02-27 15:58:56 INFO::Min samples required with min abundance for a feature not to be filtered: 2.400000
2023-02-27 15:58:56 INFO::Total filtered features: 2
2023-02-27 15:58:56 INFO::Filtered feature names: k__Bacteria.p__, k__Bacteria.p__Patescibacteria
2023-02-27 15:58:56 INFO::Applying z-score to standardize continuous metadata
2023-02-27 15:58:56 INFO::Running selected transform method: LOG
2023-02-27 15:58:56 INFO::Running selected analysis method: LM
2023-02-27 15:58:56 INFO::Fitting model to feature number 1, k__Bacteria.p__Actinobacteriota
2023-02-27 15:58:56 INFO::Fitting model to feature number 2, k__Bacteria.p__Bacteroidota
2023-02-27 15:58:56 INFO::Fitting model to feature number 3, k__Bacteria.p__Cyanobacteria
2023-02-27 15:58:56 INFO::Fitting model to feature number 4, k__Bacteria.p__Desulfobacterota
2023-02-27 15:58:56 INFO::Fitting model to feature number 5, k__Bacteria.p__Firmicutes
2023-02-27 15:58:56 INFO::Fitting model to feature number 6, k__Bacteria.p__Proteobacteria
2023-02-27 15:58:56 INFO::Fitting model to feature number 7, k__Bacteria.p__Verrucomicrobiota
2023-02-27 15:58:56 INFO::Counting total values for each feature
2023-02-27 15:58:56 INFO::Writing residuals to file L2_female_Jejunum_Maaslin2_Genotype/residuals.rds
2023-02-27 15:58:56 INFO::Writing all results to file (ordered by increasing q-values): L2_female_Jejunum_Maaslin2_Genotype/all_results.tsv
2023-02-27 15:58:56 INFO::Writing the significant results (those which are less than or equal to the threshold of 0.250000 ) to file (ordered by increasing q-values): L2_female_Jejunum_Maaslin2_Genotype/significant_results.tsv
