2023-02-27 16:01:10 INFO::Writing function arguments to log file
2023-02-27 16:01:10 DEBUG::Function arguments
2023-02-27 16:01:10 DEBUG::Output folder: L6_female_Jejunum_Maaslin2_Genotype
2023-02-27 16:01:10 DEBUG::Min Abundance: 0.000000
2023-02-27 16:01:10 DEBUG::Min Prevalence: 0.150000
2023-02-27 16:01:10 DEBUG::Normalization: TSS
2023-02-27 16:01:10 DEBUG::Transform: LOG
2023-02-27 16:01:10 DEBUG::Analysis method: LM
2023-02-27 16:01:10 DEBUG::Max significance: 0.250000
2023-02-27 16:01:10 DEBUG::Random effects:
2023-02-27 16:01:10 DEBUG::Fixed effects: Genotype
2023-02-27 16:01:10 DEBUG::Correction method: BH
2023-02-27 16:01:10 DEBUG::Standardize: TRUE
2023-02-27 16:01:10 DEBUG::Cores: 1
2023-02-27 16:01:10 INFO::Verifying options selected are valid
2023-02-27 16:01:10 INFO::Determining format of input files
2023-02-27 16:01:10 INFO::Input format is data samples as columns and metadata samples as rows
2023-02-27 16:01:10 DEBUG::Transformed data so samples are rows
2023-02-27 16:01:10 DEBUG::A total of 16 samples were found in both the data and metadata
2023-02-27 16:01:10 DEBUG::Reordering data/metadata to use same sample ordering
2023-02-27 16:01:10 INFO::Formula for fixed effects: expr ~  Genotype
2023-02-27 16:01:10 INFO::Running selected normalization method: TSS
2023-02-27 16:01:10 INFO::Filter data based on min abundance and min prevalence
2023-02-27 16:01:10 INFO::Total samples in data: 16
2023-02-27 16:01:10 INFO::Min samples required with min abundance for a feature not to be filtered: 2.400000
2023-02-27 16:01:10 INFO::Total filtered features: 87
2023-02-27 16:01:10 INFO::Filtered feature names: k__Bacteria.p__.c__.o__.f__.g__, k__Bacteria.p__Actinobacteriota.c__Actinobacteria.o__Bifidobacteriales.f__Bifidobacteriaceae.g__Bifidobacterium, k__Bacteria.p__Actinobacteriota.c__Actinobacteria.o__Corynebacteriales.f__Mycobacteriaceae.g__Mycobacterium, k__Bacteria.p__Actinobacteriota.c__Actinobacteria.o__Micrococcales.f__Microbacteriaceae.g__Curtobacterium, k__Bacteria.p__Actinobacteriota.c__Actinobacteria.o__Pseudonocardiales.f__Pseudonocardiaceae.g__Saccharopolyspora, k__Bacteria.p__Actinobacteriota.c__Coriobacteriia.o__Coriobacteriales.f__Eggerthellaceae.g__DNF00809, k__Bacteria.p__Bacteroidota.c__Bacteroidia.o__Bacteroidales.f__.g__, k__Bacteria.p__Bacteroidota.c__Bacteroidia.o__Bacteroidales.f__Marinifilaceae.g__Odoribacter, k__Bacteria.p__Bacteroidota.c__Bacteroidia.o__Bacteroidales.f__Prevotellaceae.g__Alloprevotella, k__Bacteria.p__Bacteroidota.c__Bacteroidia.o__Bacteroidales.f__Prevotellaceae.g__Prevotella_9, k__Bacteria.p__Bacteroidota.c__Bacteroidia.o__Bacteroidales.f__Prevotellaceae.g__Prevotellaceae.UCG.001, k__Bacteria.p__Bacteroidota.c__Bacteroidia.o__Chitinophagales.f__Chitinophagaceae.g__Vibrionimonas, k__Bacteria.p__Cyanobacteria.c__Cyanobacteriia.o__Chloroplast.f__.g__, k__Bacteria.p__Desulfobacterota.c__Desulfovibrionia.o__Desulfovibrionales.f__Desulfovibrionaceae.g__Bilophila, k__Bacteria.p__Firmicutes.c__.o__.f__.g__, k__Bacteria.p__Firmicutes.c__Bacilli.o__Acholeplasmatales.f__Acholeplasmataceae.g__Anaeroplasma, k__Bacteria.p__Firmicutes.c__Bacilli.o__Bacillales.f__Bacillaceae.g__Bacillus, k__Bacteria.p__Firmicutes.c__Bacilli.o__Bacillales.f__Bacillaceae.g__Terribacillus, k__Bacteria.p__Firmicutes.c__Bacilli.o__Bacillales.f__Planococcaceae.g__Solibacillus, k__Bacteria.p__Firmicutes.c__Bacilli.o__Erysipelotrichales.f__Erysipelatoclostridiaceae.g__, k__Bacteria.p__Firmicutes.c__Bacilli.o__Erysipelotrichales.f__Erysipelatoclostridiaceae.g__Candidatus.Stoquefichus, k__Bacteria.p__Firmicutes.c__Bacilli.o__Erysipelotrichales.f__Erysipelatoclostridiaceae.g__Erysipelatoclostridium, k__Bacteria.p__Firmicutes.c__Bacilli.o__Erysipelotrichales.f__Erysipelotrichaceae.g__, k__Bacteria.p__Firmicutes.c__Bacilli.o__Erysipelotrichales.f__Erysipelotrichaceae.g__Dubosiella, k__Bacteria.p__Firmicutes.c__Bacilli.o__Lactobacillales.f__Lactobacillaceae.g__, k__Bacteria.p__Firmicutes.c__Bacilli.o__Lactobacillales.f__Lactobacillaceae.g__Latilactobacillus, k__Bacteria.p__Firmicutes.c__Bacilli.o__Lactobacillales.f__Lactobacillaceae.g__Weissella, k__Bacteria.p__Firmicutes.c__Bacilli.o__RF39.f__.g__, k__Bacteria.p__Firmicutes.c__Bacilli.o__Thermoactinomycetales.f__Thermoactinomycetaceae.g__Kroppenstedtia, k__Bacteria.p__Firmicutes.c__Bacilli.o__Thermoactinomycetales.f__Thermoactinomycetaceae.g__Thermoactinomyces, k__Bacteria.p__Firmicutes.c__Clostridia.o__.f__.g__, k__Bacteria.p__Firmicutes.c__Clostridia.o__Christensenellales.f__Christensenellaceae.g__, k__Bacteria.p__Firmicutes.c__Clostridia.o__Christensenellales.f__Christensenellaceae.g__Christensenellaceae.R.7.group, k__Bacteria.p__Firmicutes.c__Clostridia.o__Clostridia.vadinBB60.group.f__.g__, k__Bacteria.p__Firmicutes.c__Clostridia.o__Clostridiales.f__Clostridiaceae.g__, k__Bacteria.p__Firmicutes.c__Clostridia.o__Eubacteriales.f__Anaerofustaceae.g__Anaerofustis, k__Bacteria.p__Firmicutes.c__Clostridia.o__Lachnospirales.f__Defluviitaleaceae.g__Defluviitaleaceae.UCG.011, k__Bacteria.p__Firmicutes.c__Clostridia.o__Lachnospirales.f__Lachnospiraceae.g__ASF356, k__Bacteria.p__Firmicutes.c__Clostridia.o__Lachnospirales.f__Lachnospiraceae.g__Acetatifactor, k__Bacteria.p__Firmicutes.c__Clostridia.o__Lachnospirales.f__Lachnospiraceae.g__Agathobacter, k__Bacteria.p__Firmicutes.c__Clostridia.o__Lachnospirales.f__Lachnospiraceae.g__Anaerostipes, k__Bacteria.p__Firmicutes.c__Clostridia.o__Lachnospirales.f__Lachnospiraceae.g__Blautia, k__Bacteria.p__Firmicutes.c__Clostridia.o__Lachnospirales.f__Lachnospiraceae.g__GCA.900066575, k__Bacteria.p__Firmicutes.c__Clostridia.o__Lachnospirales.f__Lachnospiraceae.g__Lachnospiraceae.AC2044.group, k__Bacteria.p__Firmicutes.c__Clostridia.o__Lachnospirales.f__Lachnospiraceae.g__Lachnospiraceae.NK4B4.group, k__Bacteria.p__Firmicutes.c__Clostridia.o__Lachnospirales.f__Lachnospiraceae.g__Lachnospiraceae.UCG.002, k__Bacteria.p__Firmicutes.c__Clostridia.o__Lachnospirales.f__Lachnospiraceae.g__Lachnospiraceae.UCG.004, k__Bacteria.p__Firmicutes.c__Clostridia.o__Lachnospirales.f__Lachnospiraceae.g__Tuzzerella, k__Bacteria.p__Firmicutes.c__Clostridia.o__Lachnospirales.f__Lachnospiraceae.g__Tyzzerella, k__Bacteria.p__Firmicutes.c__Clostridia.o__Lachnospirales.f__Lachnospiraceae.g__.Eubacterium..ruminantium.group, k__Bacteria.p__Firmicutes.c__Clostridia.o__Lachnospirales.f__Lachnospiraceae.g__.Eubacterium..ventriosum.group, k__Bacteria.p__Firmicutes.c__Clostridia.o__Lachnospirales.f__Lachnospiraceae.g__.Ruminococcus..gnavus.group, k__Bacteria.p__Firmicutes.c__Clostridia.o__Monoglobales.f__Monoglobaceae.g__Monoglobus, k__Bacteria.p__Firmicutes.c__Clostridia.o__Oscillospirales.f__.g__, k__Bacteria.p__Firmicutes.c__Clostridia.o__Oscillospirales.f__Butyricicoccaceae.g__UCG.009, k__Bacteria.p__Firmicutes.c__Clostridia.o__Oscillospirales.f__Hungateiclostridiaceae.g__Pseudobacteroides, k__Bacteria.p__Firmicutes.c__Clostridia.o__Oscillospirales.f__Oscillospiraceae.g__, k__Bacteria.p__Firmicutes.c__Clostridia.o__Oscillospirales.f__Oscillospiraceae.g__Colidextribacter, k__Bacteria.p__Firmicutes.c__Clostridia.o__Oscillospirales.f__Oscillospiraceae.g__NK4A214.group, k__Bacteria.p__Firmicutes.c__Clostridia.o__Oscillospirales.f__Oscillospiraceae.g__Oscillibacter, k__Bacteria.p__Firmicutes.c__Clostridia.o__Oscillospirales.f__Oscillospiraceae.g__Oscillospira, k__Bacteria.p__Firmicutes.c__Clostridia.o__Oscillospirales.f__Oscillospiraceae.g__Pseudoflavonifractor, k__Bacteria.p__Firmicutes.c__Clostridia.o__Oscillospirales.f__Oscillospiraceae.g__UCG.003, k__Bacteria.p__Firmicutes.c__Clostridia.o__Oscillospirales.f__Oscillospiraceae.g__UCG.005, k__Bacteria.p__Firmicutes.c__Clostridia.o__Oscillospirales.f__Ruminococcaceae.g__Anaerotruncus, k__Bacteria.p__Firmicutes.c__Clostridia.o__Oscillospirales.f__Ruminococcaceae.g__Caproiciproducens, k__Bacteria.p__Firmicutes.c__Clostridia.o__Oscillospirales.f__Ruminococcaceae.g__Faecalibacterium, k__Bacteria.p__Firmicutes.c__Clostridia.o__Oscillospirales.f__Ruminococcaceae.g__UBA1819, k__Bacteria.p__Firmicutes.c__Clostridia.o__Oscillospirales.f__UCG.010.g__, k__Bacteria.p__Firmicutes.c__Clostridia.o__Peptococcales.f__Peptococcaceae.g__, k__Bacteria.p__Firmicutes.c__Clostridia.o__Peptococcales.f__Peptococcaceae.g__Peptococcus, k__Bacteria.p__Firmicutes.c__Clostridia.o__Peptostreptococcales.Tissierellales.f__Anaerovoracaceae.g__Anaerovorax, k__Bacteria.p__Firmicutes.c__Clostridia.o__Peptostreptococcales.Tissierellales.f__Anaerovoracaceae.g__Family.XIII.AD3011.group, k__Bacteria.p__Firmicutes.c__Clostridia.o__Peptostreptococcales.Tissierellales.f__Anaerovoracaceae.g__Family.XIII.UCG.001, k__Bacteria.p__Firmicutes.c__Clostridia.o__Peptostreptococcales.Tissierellales.f__Anaerovoracaceae.g__.Eubacterium..brachy.group, k__Bacteria.p__Firmicutes.c__Clostridia.o__Peptostreptococcales.Tissierellales.f__Anaerovoracaceae.g__.Eubacterium..nodatum.group, k__Bacteria.p__Firmicutes.c__Clostridia.o__Peptostreptococcales.Tissierellales.f__Peptostreptococcaceae.g__Peptostreptococcus, k__Bacteria.p__Firmicutes.c__Clostridia.o__Peptostreptococcales.Tissierellales.f__Peptostreptococcaceae.g__Romboutsia, k__Bacteria.p__Patescibacteria.c__Saccharimonadia.o__Saccharimonadales.f__Saccharimonadaceae.g__Candidatus.Saccharimonas, k__Bacteria.p__Proteobacteria.c__.o__.f__.g__, k__Bacteria.p__Proteobacteria.c__Alphaproteobacteria.o__Rhizobiales.f__Xanthobacteraceae.g__Bradyrhizobium, k__Bacteria.p__Proteobacteria.c__Alphaproteobacteria.o__Sphingomonadales.f__Sphingomonadaceae.g__Sphingopyxis, k__Bacteria.p__Proteobacteria.c__Gammaproteobacteria.o__Enterobacterales.f__Enterobacteriaceae.g__, k__Bacteria.p__Proteobacteria.c__Gammaproteobacteria.o__Enterobacterales.f__Erwiniaceae.g__Pantoea, k__Bacteria.p__Proteobacteria.c__Gammaproteobacteria.o__Enterobacterales.f__Pasteurellaceae.g__Muribacter, k__Bacteria.p__Proteobacteria.c__Gammaproteobacteria.o__Pseudomonadales.f__Pseudomonadaceae.g__Pseudomonas, k__Bacteria.p__Proteobacteria.c__Gammaproteobacteria.o__Xanthomonadales.f__Xanthomonadaceae.g__Stenotrophomonas
2023-02-27 16:01:10 INFO::Applying z-score to standardize continuous metadata
2023-02-27 16:01:10 INFO::Running selected transform method: LOG
2023-02-27 16:01:11 INFO::Running selected analysis method: LM
2023-02-27 16:01:11 INFO::Fitting model to feature number 1, k__Bacteria.p__Actinobacteriota.c__Actinobacteria.o__Corynebacteriales.f__Corynebacteriaceae.g__Corynebacterium
2023-02-27 16:01:11 INFO::Fitting model to feature number 2, k__Bacteria.p__Actinobacteriota.c__Coriobacteriia.o__Coriobacteriales.f__Atopobiaceae.g__Coriobacteriaceae.UCG.002
2023-02-27 16:01:11 INFO::Fitting model to feature number 3, k__Bacteria.p__Actinobacteriota.c__Coriobacteriia.o__Coriobacteriales.f__Coriobacteriales.Incertae.Sedis.g__
2023-02-27 16:01:11 INFO::Fitting model to feature number 4, k__Bacteria.p__Actinobacteriota.c__Coriobacteriia.o__Coriobacteriales.f__Eggerthellaceae.g__Enterorhabdus
2023-02-27 16:01:11 INFO::Fitting model to feature number 5, k__Bacteria.p__Actinobacteriota.c__Coriobacteriia.o__Coriobacteriales.f__Eggerthellaceae.g__Gordonibacter
2023-02-27 16:01:11 INFO::Fitting model to feature number 6, k__Bacteria.p__Bacteroidota.c__Bacteroidia.o__Bacteroidales.f__Bacteroidaceae.g__Bacteroides
2023-02-27 16:01:11 INFO::Fitting model to feature number 7, k__Bacteria.p__Bacteroidota.c__Bacteroidia.o__Bacteroidales.f__Muribaculaceae.g__
2023-02-27 16:01:11 INFO::Fitting model to feature number 8, k__Bacteria.p__Bacteroidota.c__Bacteroidia.o__Bacteroidales.f__Muribaculaceae.g__Muribaculum
2023-02-27 16:01:11 INFO::Fitting model to feature number 9, k__Bacteria.p__Bacteroidota.c__Bacteroidia.o__Bacteroidales.f__Rikenellaceae.g__Alistipes
2023-02-27 16:01:11 INFO::Fitting model to feature number 10, k__Bacteria.p__Bacteroidota.c__Bacteroidia.o__Bacteroidales.f__Rikenellaceae.g__Rikenella
2023-02-27 16:01:11 INFO::Fitting model to feature number 11, k__Bacteria.p__Bacteroidota.c__Bacteroidia.o__Bacteroidales.f__Rikenellaceae.g__Rikenellaceae.RC9.gut.group
2023-02-27 16:01:11 INFO::Fitting model to feature number 12, k__Bacteria.p__Bacteroidota.c__Bacteroidia.o__Bacteroidales.f__Tannerellaceae.g__Parabacteroides
2023-02-27 16:01:11 INFO::Fitting model to feature number 13, k__Bacteria.p__Cyanobacteria.c__Vampirivibrionia.o__Gastranaerophilales.f__.g__
2023-02-27 16:01:11 INFO::Fitting model to feature number 14, k__Bacteria.p__Desulfobacterota.c__Desulfovibrionia.o__Desulfovibrionales.f__Desulfovibrionaceae.g__Desulfovibrio
2023-02-27 16:01:11 INFO::Fitting model to feature number 15, k__Bacteria.p__Firmicutes.c__Bacilli.o__Erysipelotrichales.f__Erysipelotrichaceae.g__Faecalibaculum
2023-02-27 16:01:11 INFO::Fitting model to feature number 16, k__Bacteria.p__Firmicutes.c__Bacilli.o__Erysipelotrichales.f__Erysipelotrichaceae.g__Turicibacter
2023-02-27 16:01:11 INFO::Fitting model to feature number 17, k__Bacteria.p__Firmicutes.c__Bacilli.o__Lactobacillales.f__Enterococcaceae.g__Enterococcus
2023-02-27 16:01:11 INFO::Fitting model to feature number 18, k__Bacteria.p__Firmicutes.c__Bacilli.o__Lactobacillales.f__Lactobacillaceae.g__HT002
2023-02-27 16:01:11 INFO::Fitting model to feature number 19, k__Bacteria.p__Firmicutes.c__Bacilli.o__Lactobacillales.f__Lactobacillaceae.g__Lactobacillus
2023-02-27 16:01:11 INFO::Fitting model to feature number 20, k__Bacteria.p__Firmicutes.c__Bacilli.o__Lactobacillales.f__Lactobacillaceae.g__Ligilactobacillus
2023-02-27 16:01:11 INFO::Fitting model to feature number 21, k__Bacteria.p__Firmicutes.c__Bacilli.o__Lactobacillales.f__Streptococcaceae.g__Streptococcus
2023-02-27 16:01:11 INFO::Fitting model to feature number 22, k__Bacteria.p__Firmicutes.c__Bacilli.o__Staphylococcales.f__Staphylococcaceae.g__Staphylococcus
2023-02-27 16:01:11 INFO::Fitting model to feature number 23, k__Bacteria.p__Firmicutes.c__Clostridia.o__Clostridia.UCG.014.f__.g__
2023-02-27 16:01:11 INFO::Fitting model to feature number 24, k__Bacteria.p__Firmicutes.c__Clostridia.o__Clostridiales.f__Clostridiaceae.g__Candidatus.Arthromitus
2023-02-27 16:01:11 INFO::Fitting model to feature number 25, k__Bacteria.p__Firmicutes.c__Clostridia.o__Clostridiales.f__Clostridiaceae.g__Clostridium.sensu.stricto.1
2023-02-27 16:01:11 INFO::Fitting model to feature number 26, k__Bacteria.p__Firmicutes.c__Clostridia.o__Lachnospirales.f__Lachnospiraceae.g__
2023-02-27 16:01:11 INFO::Fitting model to feature number 27, k__Bacteria.p__Firmicutes.c__Clostridia.o__Lachnospirales.f__Lachnospiraceae.g__A2
2023-02-27 16:01:11 INFO::Fitting model to feature number 28, k__Bacteria.p__Firmicutes.c__Clostridia.o__Lachnospirales.f__Lachnospiraceae.g__Lachnoclostridium
2023-02-27 16:01:11 INFO::Fitting model to feature number 29, k__Bacteria.p__Firmicutes.c__Clostridia.o__Lachnospirales.f__Lachnospiraceae.g__Lachnospiraceae.FCS020.group
2023-02-27 16:01:11 INFO::Fitting model to feature number 30, k__Bacteria.p__Firmicutes.c__Clostridia.o__Lachnospirales.f__Lachnospiraceae.g__Lachnospiraceae.NK4A136.group
2023-02-27 16:01:11 INFO::Fitting model to feature number 31, k__Bacteria.p__Firmicutes.c__Clostridia.o__Lachnospirales.f__Lachnospiraceae.g__Lachnospiraceae.UCG.001
2023-02-27 16:01:11 INFO::Fitting model to feature number 32, k__Bacteria.p__Firmicutes.c__Clostridia.o__Lachnospirales.f__Lachnospiraceae.g__Lachnospiraceae.UCG.006
2023-02-27 16:01:11 INFO::Fitting model to feature number 33, k__Bacteria.p__Firmicutes.c__Clostridia.o__Lachnospirales.f__Lachnospiraceae.g__Marvinbryantia
2023-02-27 16:01:11 INFO::Fitting model to feature number 34, k__Bacteria.p__Firmicutes.c__Clostridia.o__Lachnospirales.f__Lachnospiraceae.g__Roseburia
2023-02-27 16:01:11 INFO::Fitting model to feature number 35, k__Bacteria.p__Firmicutes.c__Clostridia.o__Lachnospirales.f__Lachnospiraceae.g__.Eubacterium..xylanophilum.group
2023-02-27 16:01:11 INFO::Fitting model to feature number 36, k__Bacteria.p__Firmicutes.c__Clostridia.o__Oscillospirales.f__Butyricicoccaceae.g__Butyricicoccus
2023-02-27 16:01:11 INFO::Fitting model to feature number 37, k__Bacteria.p__Firmicutes.c__Clostridia.o__Oscillospirales.f__Oscillospiraceae.g__Intestinimonas
2023-02-27 16:01:11 INFO::Fitting model to feature number 38, k__Bacteria.p__Firmicutes.c__Clostridia.o__Oscillospirales.f__Ruminococcaceae.g__
2023-02-27 16:01:11 INFO::Fitting model to feature number 39, k__Bacteria.p__Firmicutes.c__Clostridia.o__Oscillospirales.f__Ruminococcaceae.g__Incertae.Sedis
2023-02-27 16:01:11 INFO::Fitting model to feature number 40, k__Bacteria.p__Firmicutes.c__Clostridia.o__Oscillospirales.f__Ruminococcaceae.g__Ruminococcus
2023-02-27 16:01:11 INFO::Fitting model to feature number 41, k__Bacteria.p__Firmicutes.c__Clostridia.o__Oscillospirales.f__Ruminococcaceae.g__.Eubacterium..siraeum.group
2023-02-27 16:01:11 INFO::Fitting model to feature number 42, k__Bacteria.p__Firmicutes.c__Clostridia.o__Oscillospirales.f__.Eubacterium..coprostanoligenes.group.g__
2023-02-27 16:01:11 INFO::Fitting model to feature number 43, k__Bacteria.p__Proteobacteria.c__Alphaproteobacteria.o__Rhodospirillales.f__.g__
2023-02-27 16:01:11 INFO::Fitting model to feature number 44, k__Bacteria.p__Proteobacteria.c__Alphaproteobacteria.o__Rickettsiales.f__Mitochondria.g__
2023-02-27 16:01:11 INFO::Fitting model to feature number 45, k__Bacteria.p__Proteobacteria.c__Gammaproteobacteria.o__Burkholderiales.f__Sutterellaceae.g__Parasutterella
2023-02-27 16:01:11 INFO::Fitting model to feature number 46, k__Bacteria.p__Proteobacteria.c__Gammaproteobacteria.o__Enterobacterales.f__Enterobacteriaceae.g__Escherichia.Shigella
2023-02-27 16:01:11 INFO::Fitting model to feature number 47, k__Bacteria.p__Verrucomicrobiota.c__Verrucomicrobiae.o__Verrucomicrobiales.f__Akkermansiaceae.g__Akkermansia
2023-02-27 16:01:11 INFO::Counting total values for each feature
2023-02-27 16:01:11 INFO::Writing residuals to file L6_female_Jejunum_Maaslin2_Genotype/residuals.rds
2023-02-27 16:01:11 INFO::Writing all results to file (ordered by increasing q-values): L6_female_Jejunum_Maaslin2_Genotype/all_results.tsv
2023-02-27 16:01:11 INFO::Writing the significant results (those which are less than or equal to the threshold of 0.250000 ) to file (ordered by increasing q-values): L6_female_Jejunum_Maaslin2_Genotype/significant_results.tsv
