2023-01-27 15:14:24 INFO::Writing function arguments to log file
2023-01-27 15:14:24 DEBUG::Function arguments
2023-01-27 15:14:24 DEBUG::Output folder: PFF_Microbiome_Maaslin2_Genotype_Sex
2023-01-27 15:14:24 DEBUG::Min Abundance: 0.000000
2023-01-27 15:14:24 DEBUG::Min Prevalence: 0.100000
2023-01-27 15:14:24 DEBUG::Normalization: TSS
2023-01-27 15:14:24 DEBUG::Transform: LOG
2023-01-27 15:14:24 DEBUG::Analysis method: LM
2023-01-27 15:14:24 DEBUG::Max significance: 0.250000
2023-01-27 15:14:24 DEBUG::Random effects:
2023-01-27 15:14:24 DEBUG::Fixed effects: Genotype,Sex
2023-01-27 15:14:24 DEBUG::Correction method: BH
2023-01-27 15:14:24 DEBUG::Standardize: TRUE
2023-01-27 15:14:24 DEBUG::Cores: 1
2023-01-27 15:14:24 INFO::Verifying options selected are valid
2023-01-27 15:14:24 INFO::Determining format of input files
2023-01-27 15:14:24 INFO::Input format is data samples as columns and metadata samples as rows
2023-01-27 15:14:24 DEBUG::Transformed data so samples are rows
2023-01-27 15:14:24 DEBUG::A total of 129 samples were found in both the data and metadata
2023-01-27 15:14:24 DEBUG::Reordering data/metadata to use same sample ordering
2023-01-27 15:14:24 INFO::Formula for fixed effects: expr ~  Genotype + Sex
2023-01-27 15:14:24 INFO::Filter data based on min abundance and min prevalence
2023-01-27 15:14:24 INFO::Total samples in data: 129
2023-01-27 15:14:24 INFO::Min samples required with min abundance for a feature not to be filtered: 12.900000
2023-01-27 15:14:24 INFO::Total filtered features: 253
2023-01-27 15:14:24 INFO::Filtered feature names from abundance and prevalence filtering: X9a4be075dcdac626212498d92c46cf3d, X59bebed7b9dff589dc037886b1f4d734, X0d0cf8821b970eb3dbf380665362e295, X7b37a7938bc78e72c35bcc3d5c4abc4e, f88150f529b667ab3ae8b7563dba6fbc, X57ff36ce700d213926f4a18f1d9aac71, X213b7307f109138d016567df7cbd6b42, X80dc314d0fd8cd67f3dad0a084debd10, a32bee72d9daec0d0153e9bf355bc0f4, f0a9b9c30bee552db3742ff8ca2c905b, X9437eeacf01b54968e69162e2f165eda, d00d3a7d1eb2d120a67d6dcf7dd44681, cc04466ee3c11746d6a4d24b7cdb4856, X1c86434ee101e9255f85a5af61d09346, X2a622e795465f8033ce233d8334ba90d, cd2260e23365d0417cab7dddc1b02d9e, X8e6b08502209a529944a7c38c03ae83f, X4856615236a963328824b1cbc0344a06, da1a9b783ee4de2ed376843ca3c408af, X2236038c58fc58765996607a3b20204e, X9fe011effb123bd528556f075cf46742, X32c52eea6c2d01828bac9deb31355f3d, X24b50eea368c07f18bb2becacbb67702, X4b86bf4f45203fc7e4af34e1d9dd087c, X047372e16d2e0a51ae90ff02f5e657d2, a3bc2f1b7ca7a4d956d6264134998394, eec12b5447912e0b7958d668bebca673, X9a7ff0de9cc199b47224d2d5f626c8f9, X07489de34fb7336061e2f43e6f4800c5, X56c314ebd48d2f7c306b5ec7ec24b10e, d165190b9138e060ca7df16756dc8e36, d37d5312415b533aececf711251abc91, X15410af0f9441fa95baafe434ac0a204, X63fba9a63c00543455ec69eee1a6a772, b630c047c42e6befe0b74be46e0ce187, e1d97e63e16d276328ddd7e87cda9b4f, X29b93cb558348fdb57d15a096c95081e, c3518bdc44c9e849da63a1f5fbd78aa3, X2b4318833366c253b6f89702d549e43c, X4d6dda60c74c4b0f7d834b998171743b, X179ce3788cc6f587b5288a3afea4b896, f3bf650dce205a721986e06c2daf567e, X646fe1d6bca772f53ab88aa940b11101, X6e8913040216584373a178011e7353ac, X5fdd4f9edec47a7451ee79547b18d907, X9bcb1853f658a4097d717c39b0e68008, a1ba81f5aac049a4c64a220507f12b1c, X9617b7d464de38913a01e8cc47b02dd5, a63d6698869f849a006619f3e837bccb, X2ea13b39d3db808a682254a7ad3ff584, X706f13ce04bb647d2429a0d18b9f042a, a3d0b67c3b5f0e217469fc90fb065dae, X0ce1f666fe3a8e609094409565c0c20a, c50d69222711e47f7bb8084d35aff2e3, X68b9d3908eb8a4fe34a9bc76a74df1d3, X8741b9522b1dacdfd50533962619e365, X20530b7ccfa4c5bfca97ab6cd4d7962e, X557673c6af57dd7564b49da4e1af2f5f, X6ed24c6b2166fc4315321be08e705eef, X3e88ca99d2b6ac732ceaede4fe4ec6ce, X6507e02e8a84412b279adabfbda01dc3, X13d5e39792dae972f57f2274fcfb9ebb, X916e2e6b24db3a047db005d765622bd5, X654d2e2fe755da1d6330c3bf5a4c9478, f22bf0994b73c72ebbba5bda084d484e, a5224859bbe099be9aab4091a11b848f, cf8c94fbe54f5144469ebc6b7290cc42, f348e47155787460ddec2ab0d470fb24, X33d7c136e782c6ab83791f18ef7ca07f, X9a65df94ff6b5c5e2e3d88553f3a6fe0, e3bfcfa38260f486cd3b21af1fd308f2, bf86eef6567da402a6c7c1b62f7efaa5, X333abed96f9b6bc18aec061146cd9f4e, d7d6d8553b95ee77277987e0d6fac661, X0d7d401960f73ad166384257a9d49dac, X25560eae369454513e9d8399ca8a62f2, d513d46f0ecdea4008b4180a9c1a6679, X3ffbc215a8e03a70f17a721c687c10df, be61c308fc221b4b2a01fd09a46b0dcd, X25e1daa2a7433ac0dd900d655a62b06f, e83332a2f8a77f9d0cd6d57445d8e07e, X803d9ebf4a9d6124f0b1003b6a852fee, X736d2c16f919fbb77b6f72bb8c8cf368, a34c94c8cc6efc96eb9fc47074535e20, X4e1fe805efb8af1eaa478816b0f80964, X81c4c0f3148134bebef74699d7883461, X7557a4b121cb22cce4c74133c96b5307, X210972ea296b1ef822059eaed73f1fca, bd8717e6cc3811874c5298b7929dd4f7, X8767f773389a7ebefb619262075b257c, X4c72cd8b645e4af301ee73045c71053a, X5754bc85200054fbb17379c5b8e9c570, X66668e305f13f7d2275b779d6b88c534, a535dc86d66a12625c90e1032d3075ff, X925a597286509eccd6149477fbde4087, fdc77b898cb28712d659ec5e0a5e483d, X600d32677eda8009fc5992224b83998e, e2c6a0977df82d4125a4c0cfeef5ac7a, X460cd7ff13b54c8de299687f4f4e8969, X58239e6ee74de24477c00c2f2a9b88d6, X38246327a64c266a08826ddaa5009af5, X05f4b17db77a4b9ade3322591b257199, X2edb03803be7e9c9e2b9120fcf18d7f2, d2e888c849a47f40d41e715fd6d32628, X18f80a484022605e2669a90edefbc300, X47379e4e68e4f4bc36efec9b260e31ed, X619a5ce94e0cc133ad39413567048303, bdb2586a3663360c12d8152168351f0e, X22f6f7ad425fc68469ad797d7f40e83d, dc447856f9fd9075709228634b19121b, X66b6c6d383e1f6c29c5f0de3dc553831, X5e9b0f1091811cc0b55c30937c7c9f76, b37525463267934a36f1e87912107b0d, X139db6c61b925eb531355bb4336281d4, X67ca4cabd63d5b6bf964a2921ae617b3, X4e0bf6bc866effe19fd3c5c2dcd6c8d5, b9590836831948624720b2956d8b2eb1, e02f2d6f7a29e139a7e061242f008e56, X4b71d7da227f2ed194a20d3f1c112119, c26b00d393da8a80a2ad93e2db4b808a, X268a59c0ae0ffe040f8c88485f59cf52, X6c763500c5913b66d081274b2337c454, X1b10632f1a0b84a6d14d76adc734be7b, X6b84d8997e0318b9668fbf518adfc41a, X4906899cc3e6445af7945251591cb8b1, X7610bbe1468afd7954c217341ef4c7dd, X8268ac717287a22bf7dfd72119502695, X8b015205067aa4b6750a9c68955df0d5, X11a27f7b2db1f5b75ba593efa39b6b8f, X08e3dcd021389589a0dfc7e6a22adbea, X36ee11270490a7a3a4d06f9bc82168c4, X5850cff0826a73370cca942d58c24e12, X75180a3d0c4b7f13549510da26d66ce6, X7ee128beb6d868c52e36ba057ebd6ed4, d8d50860f9c9e04421b0993aed4a1d32, X2ec15f8ff1041ec4ae655ccbe96b3e98, a225a67fb344b24776ffe10ec1d76cde, b18bc0da993e28c1bcb179ae19a9e779, X5673ab24c2b6b8daf3af60a1b5e4e662, c275b951665d6e23374d79df031710a0, f2015a3b1a6e61d91b73d3946ab75b50, f623c07695e13edfb49cf7c6d39af8fb, X2cba4c857e9d8735a13c8dbbaa5dc462, c8183ce2b0cd2c785ceddda77e3939c4, X43721348db049e491874ed3dd74bf9cb, c4746af38a0c86e44b2bd6c896e807f5, X6536f3af0e4729f4491854593a900e92, X73b35cc93fb32310ade6cce309a328be, e34080f39d5b21e9d42a3d8f71ac4637, X0b99e1ab5a1e318eb6bd4a82c302be5c, X2135cf4e38d20a8ec21f97c0bd120c27, X003db73b0f749b12d6d5d2995318c5e7, X42588f4d6ad52504e54c8703f55b510c, X3c3669ea9a14c7d560bc50fad57c7e68, X8a2079172aabdcaeef52ec9b53c1362e, ea482cfb69d17db6b95313ef76e569eb, X71a848862b3d2ba2b5b26f86584e05d1, X414c7f6ff29c0707283cc317ed8983cc, X21f9d19d486401a2c0c6ed945166aa19, e5df1e36db6ed318ca5df6201b8db79c, X61887caa88d9cacac79f85b9c07d2fea, c6640d7be76c51325d85901a77ae2744, b78a1422febc339a6d70ded17fcb576d, fdde6e55ac07e64430623c674e0e056a, X4c1dd4411f8da399849a3dc86da79669, acf4e0456a54cea2d74b3d179aed5723, X33a81a5bb8968e923b216ee565bcc6d5, X75d3833f9011750659b050a86dd8e5e8, X183e2ca485c6dbf54e6996df0a3e45b3, X309a2c634273586b70b2bd70f4c0b3ed, X21e5545a29b76e0886ad39b0fdb67c30, e314534de6d95f4a51995be3c323ab24, bd40c0a975b84680208506024f7b0970, b70d539382acd0ccb877fd5c5f28fb86, X880dbdb03500f235fd04866bd96ce0c4, X4818f15e3cb0286679caa07ce4eaa81a, ccc69eca669b40c150f1188ff5eead99, X3dac9c4726028e13b03ee1646b0900c9, X02ff08797ffd05611ed62e32810ac06b, X62d8eeae3d3b14cdb1653b6c71cae446, X5f25c32af11a2d06d215e8149efe9f77, a4a776170ffa66b35363ac5ed9d60a4e, X56c447731dcd34668a590c2fc5fa7e85, X297f6ad761f2662775cbed5be0d5b665, X7376783d89b1958b111165dbc2ff29a3, X686812d7aaf0ff81e8fbecf71b772f5d, X95bc4ece8cbe6bcff5f6c2c929eeb534, X3bdd6458b83cc4c7ab81e037507f6cff, X8fe761e5078c345afabacfdd751b25cf, a20c6c2bcef4e82def0d3bb10b2fae66, ca00c5b6d4eb135cc50cd63fa66c953b, e76a8d06c364521da7b47153f01c9660, a74743f8c105a8060bdac52ba7c300b1, X8a50a94fe7334dd6c8488ddb9eb19a52, X3dff35e8d7e74c59976b2deeecce35be, X8e80b80dc20a19be402e8cfc0051bcbd, ceba44a1067bd2aa75393e785f128b5d, X165a92a2fec3e8ab3b27621889281c0a, X8a5f38f11cf51e349d6a7c6c334aaefd, e96ffd0a59a86d83bd268c6aef6872d5, X47092430fbe63518327c02bc249b3ff6, X2af4332bec8c028b38dd5617d48877c1, X39ad7dbb156304f30fc34acafff1d17c, X3ac576c669a0313ba81e801c3daecbcd, X937d2c33ecf251134b0d88827f626f8b, X42b56dc0552618ed98bac7331682a24e, X5b9e8ae333b40ca1d1394b531f2bf63e, X1d42e781604a8ae7d1be85bb4da8aac6, f2efd44dfc75d4f8c1f83bd4a419990e, X93d08ee3d989ee1fd3b3da7bbe44d388, e23106345853ad2be73c21e66403e37f, X55b9ed731212f667e0639a210eb6a65b, X8f56ab8f604a0de84c84a9dff50d0544, fc5982d1c02a014b48c3305aa612bd8c, X914111f8723eada11f79de7559260be9, debdfef07d584febc8a74b7a6ddb2052, X7e5043e0726551d5bcac015af48e6be4, X446aaa966da19433ddf88b9e1033c6f5, bc0cf0a76050bbd14dc04f1142102f82, ceedf3d0cba6a7eeb72a8278549651bb, X23b1b896b694e2fad3df8b3d56b13717, X280067b3858da18802d95affb2da53ca, eeaf90de936dcbe10065ad28709a0a0c, a4a0517583fcda7bc9e93ea4240b3520, X1ef2ef510e1e393ca860711eb5257416, fbcb3da96cf3e0cf0b0203bbf10cf001, X5cd5cf127feb6ed742f29414595d024d, bd81f49044221963af6e9ae49ac5118f, e67e1e61744d057401167e5072629920, X069a3ebec8acef8ad63d6c378fa2faa6, X7d6e106c92efe7f4173f778994d70ec2, X14432da313aa4bc657d89f06e0ae5dd6, e8a40af46e56927464dce3be36dec6f8, b8359120029a23c4a56d26a5f1f80e33, X1992a6685d19dd94dbebf0259951c623, X054446d540f7dcabd200d93b630b801c, fcebc20544d309f7e92fcf9c838fe489, X64e4d26344751af66bc895acf472d117, X8e220d7f4a36515396a3b1a78d2f8216, ec86b34d87b757ba4f1c47b544edb75f, X1b35fd767a2474d7bf8dd644d337cc4a, X612cd315d835566b813ab1676d5e89ac, X0c3493f9468f841b7f7ed9aa8ddda9f2, X77c66a35fc45eed0436f88f5a8ccca03, X1419fe6a7e9d761d10dcd17ffcf65fc0, b35fcdafd737f4d42ffee3a2f3c54fef, c1985bb78387935ea26beb78e1e6bbc7, X165f21a4cda8431bc2573ea1884c9f25, X11f0a5db8eb320a57e8df030a1fc3431, a5b07cd7a99b139718e8e545be00a24d, cd50469c9820b6485829deaa3e973238, X11aa6487c97009e707972908a32e5f77, X3abaa7633f8f60dff0d4c97849fc92f8
2023-01-27 15:14:24 INFO::Total filtered features with variance filtering: 0
2023-01-27 15:14:24 INFO::Filtered feature names from variance filtering:
2023-01-27 15:14:24 INFO::Running selected normalization method: TSS
2023-01-27 15:14:24 INFO::Applying z-score to standardize continuous metadata
2023-01-27 15:14:24 INFO::Running selected transform method: LOG
2023-01-27 15:14:24 INFO::Running selected analysis method: LM
2023-01-27 15:14:24 INFO::Fitting model to feature number 1, X5f2c3a1008eb58b94637e695d76c31b6
2023-01-27 15:14:24 INFO::Fitting model to feature number 2, X29f4488f73396a6d546aeb0e3caa6e4c
2023-01-27 15:14:24 INFO::Fitting model to feature number 3, X5e64a9ff57614afca249dbb59ddb6808
2023-01-27 15:14:24 INFO::Fitting model to feature number 4, X3acc88b0dabf67b3994a9f8447c7e18c
2023-01-27 15:14:24 INFO::Fitting model to feature number 5, ac26aa89cf6ac1100fcbf261b6e3578b
2023-01-27 15:14:24 INFO::Fitting model to feature number 6, X7a5410f51ce0e7013ec453ed9dfbbc53
2023-01-27 15:14:24 INFO::Fitting model to feature number 7, c1ebc4a0786814ccbfd9065623ffb619
2023-01-27 15:14:24 INFO::Fitting model to feature number 8, d940b7110a4a4a094786ff66332c79a1
2023-01-27 15:14:24 INFO::Fitting model to feature number 9, X365349b4c763aebf5965a03a02d936f7
2023-01-27 15:14:24 INFO::Fitting model to feature number 10, X743feb5d7d9f922cf856d4aceba58743
2023-01-27 15:14:24 INFO::Fitting model to feature number 11, cb6d8acd960be318f2de783c965ea3c4
2023-01-27 15:14:24 INFO::Fitting model to feature number 12, X85d4f8746f5335ad3fb033f63217b4f5
2023-01-27 15:14:24 INFO::Fitting model to feature number 13, ad2a7f89901c8a9dd23179a0765f6adc
2023-01-27 15:14:24 INFO::Fitting model to feature number 14, X47ab7ca2b86bf7ddc91de48d643ef557
2023-01-27 15:14:24 INFO::Fitting model to feature number 15, X87d5eb5c39dc813733d0447e55dc3f4b
2023-01-27 15:14:24 INFO::Fitting model to feature number 16, X81706d16987c4a13081a92b2fce19bd1
2023-01-27 15:14:24 INFO::Fitting model to feature number 17, X67c745c9bd82fa98f18887ceca0155e7
2023-01-27 15:14:24 INFO::Fitting model to feature number 18, ebe76aac3344cde5e4c1f24d3866bd13
2023-01-27 15:14:24 INFO::Fitting model to feature number 19, X7dcb432f7e6403dc277dc5c4abf771d1
2023-01-27 15:14:24 INFO::Fitting model to feature number 20, X149539885082c9fa343b06652170cbb7
2023-01-27 15:14:24 INFO::Fitting model to feature number 21, X827d0656daa1fab7f1544a2fc7c19403
2023-01-27 15:14:24 INFO::Fitting model to feature number 22, X9d3815bc57cc81b50cbb8e0fe4f1a8a5
2023-01-27 15:14:24 INFO::Fitting model to feature number 23, X4bd2415b45a42185bd77efe20e253f91
2023-01-27 15:14:24 INFO::Fitting model to feature number 24, X835f64cdb7b5b19af79e8c9e4fab15ef
2023-01-27 15:14:24 INFO::Fitting model to feature number 25, X8e60022a5388f9113d779a42ff7816c4
2023-01-27 15:14:24 INFO::Fitting model to feature number 26, X371096a66354c6c569e66c417b3d2b9a
2023-01-27 15:14:24 INFO::Fitting model to feature number 27, X3db0aa6540ca14f3fe340b712effc212
2023-01-27 15:14:24 INFO::Fitting model to feature number 28, c43ba23e0c4bf42ec8386f7e9db30b92
2023-01-27 15:14:24 INFO::Fitting model to feature number 29, X33f6cdf7429286085735c5f5caf1b69b
2023-01-27 15:14:24 INFO::Fitting model to feature number 30, X137b7799cb3f522a10d3c2e0988d03b4
2023-01-27 15:14:24 INFO::Fitting model to feature number 31, X09223937fb140366ecadef634c27fd89
2023-01-27 15:14:24 INFO::Fitting model to feature number 32, eeb3b04ad4313fea7fc56fd692f87ce8
2023-01-27 15:14:24 INFO::Fitting model to feature number 33, b2a698677045dafd3ee0931f336c17d9
2023-01-27 15:14:24 INFO::Fitting model to feature number 34, e9bdb9e30908be17e52d4485129a0589
2023-01-27 15:14:24 INFO::Fitting model to feature number 35, X5d92565b6d1bf38c202e594d4f304b99
2023-01-27 15:14:24 INFO::Fitting model to feature number 36, edb2da18e1e0f5ab1c60d3aa6301ef78
2023-01-27 15:14:24 INFO::Fitting model to feature number 37, X6fd69b61603b845f47740d2cf56c897a
2023-01-27 15:14:24 INFO::Fitting model to feature number 38, X1e32735a3678c24f4157d3a458ecd117
2023-01-27 15:14:25 INFO::Fitting model to feature number 39, X83c904e647328a02806e4b199429da81
2023-01-27 15:14:25 INFO::Fitting model to feature number 40, X8d72c9b9b6cb5a29bd0247e918ccea78
2023-01-27 15:14:25 INFO::Fitting model to feature number 41, fa1bd564baae3e28dda038918337f1a8
2023-01-27 15:14:25 INFO::Fitting model to feature number 42, X12aa2fe789bd3aba68bd34f74b348d10
2023-01-27 15:14:25 INFO::Fitting model to feature number 43, X7768b9084eae400dfb0ae68bed4e23ca
2023-01-27 15:14:25 INFO::Fitting model to feature number 44, X7d34f0b9081712a97b066deec1a2319d
2023-01-27 15:14:25 INFO::Fitting model to feature number 45, X3f0f980bc042f4e08e85c0c9bd1bddb7
2023-01-27 15:14:25 INFO::Fitting model to feature number 46, c27b76272bdfd2577f21d6f649094e95
2023-01-27 15:14:25 INFO::Fitting model to feature number 47, X1f14839dce70014f2a06434742d00b2d
2023-01-27 15:14:25 INFO::Fitting model to feature number 48, X6d62c240349f70c1e38d968fb307a14f
2023-01-27 15:14:25 INFO::Fitting model to feature number 49, c975907a3459a8c448d897263682a334
2023-01-27 15:14:25 INFO::Fitting model to feature number 50, X70c4be5639af9d063ca1cfef6ab26f46
2023-01-27 15:14:25 INFO::Fitting model to feature number 51, X261473ea3497d3baf5d36f2f7223b643
2023-01-27 15:14:25 INFO::Fitting model to feature number 52, X718a1a03d176ff821709f68d8caa7727
2023-01-27 15:14:25 INFO::Fitting model to feature number 53, a7669ddd5dfbafabf8dd0be562817cdd
2023-01-27 15:14:25 INFO::Fitting model to feature number 54, X4a920dbebd4048d310d676c8948b88f9
2023-01-27 15:14:25 INFO::Fitting model to feature number 55, b23a457254d3f740c02a8278d300a993
2023-01-27 15:14:25 INFO::Fitting model to feature number 56, X3e117cd7bc036a8a24ab180e8a7798c8
2023-01-27 15:14:25 INFO::Fitting model to feature number 57, a33a334733dea8eb658faae78a7a1cbd
2023-01-27 15:14:25 INFO::Fitting model to feature number 58, b08b52b0ace10d403f4cfaef61375802
2023-01-27 15:14:25 INFO::Fitting model to feature number 59, f11a03037b2a856b13980c9943f85416
2023-01-27 15:14:25 INFO::Fitting model to feature number 60, X8376eec558878f854aaa346a265b53b7
2023-01-27 15:14:25 INFO::Fitting model to feature number 61, b090703fb1ba5d42d1f1e6cabba1c5f8
2023-01-27 15:14:25 INFO::Fitting model to feature number 62, X7d13600595d909143311ccf4b2638243
2023-01-27 15:14:25 INFO::Fitting model to feature number 63, X915c2bf93fd4cd02f824103c7a8e1819
2023-01-27 15:14:25 INFO::Fitting model to feature number 64, X517b1ee7138aad78143857f53283906a
2023-01-27 15:14:25 INFO::Fitting model to feature number 65, X9e7f130de8792c7bd069c7ded16db3e3
2023-01-27 15:14:25 INFO::Fitting model to feature number 66, X49da32361442ce16b3e87c26831de23a
2023-01-27 15:14:25 INFO::Fitting model to feature number 67, X5be15ac779a0c3e8290ee9a351f55a33
2023-01-27 15:14:25 INFO::Fitting model to feature number 68, X374764e234bd7403e4b0337ba7251bb5
2023-01-27 15:14:25 INFO::Fitting model to feature number 69, X7245760c77308783c978482684b844a6
2023-01-27 15:14:25 INFO::Fitting model to feature number 70, X9d356eb7c0f0916dfe817c608734402c
2023-01-27 15:14:25 INFO::Fitting model to feature number 71, X6ebadbe6f0780b333d3e1026cf1655cb
2023-01-27 15:14:25 INFO::Fitting model to feature number 72, X54805fd669688517662259398487aac4
2023-01-27 15:14:25 INFO::Fitting model to feature number 73, X6d47b1c64c4202b8ef2f99ac002db05e
2023-01-27 15:14:25 INFO::Fitting model to feature number 74, X6f170f352b8188156a60e2674634d2b0
2023-01-27 15:14:25 INFO::Fitting model to feature number 75, d8c92f98aea4d8ca97ea80e20ca514d6
2023-01-27 15:14:25 INFO::Fitting model to feature number 76, ea7fe09bb76cfd63fc66292b1e7a98d3
2023-01-27 15:14:25 INFO::Fitting model to feature number 77, bcad6ae63d31caf8ea59ba94516ec2ac
2023-01-27 15:14:25 INFO::Fitting model to feature number 78, b54c969c86849213f23c80f1b6151e5e
2023-01-27 15:14:25 INFO::Fitting model to feature number 79, X519816f16ed7e67440ce2b7718eaad85
2023-01-27 15:14:25 INFO::Fitting model to feature number 80, X7b3eb8d3996b049e9358c6d6902de2c6
2023-01-27 15:14:25 INFO::Fitting model to feature number 81, X7d710d47e5d675ea5355f2ff2576dac7
2023-01-27 15:14:25 INFO::Fitting model to feature number 82, X30b8e3e3cf0c46673a3ebccb52f32828
2023-01-27 15:14:25 INFO::Fitting model to feature number 83, X27bcb76dd6a6c02b72985bce164fe3e6
2023-01-27 15:14:25 INFO::Fitting model to feature number 84, e4dd2de8724b201bea7659daf44fef8a
2023-01-27 15:14:25 INFO::Fitting model to feature number 85, b356be189c25f3c0463656c2165236f9
2023-01-27 15:14:25 INFO::Fitting model to feature number 86, b3764c324fd7a40390926358d6342e39
2023-01-27 15:14:25 INFO::Fitting model to feature number 87, X4e94f47ec9b2752e85447dcf27cf9068
2023-01-27 15:14:25 INFO::Fitting model to feature number 88, X32650a5fdf1a0992348d49fa960c8631
2023-01-27 15:14:25 INFO::Fitting model to feature number 89, X3d83ad278cfaaeb4e7340f6a98d96c62
2023-01-27 15:14:25 INFO::Fitting model to feature number 90, a21d9726702334cd2fad5a2f7d7a7c5d
2023-01-27 15:14:25 INFO::Fitting model to feature number 91, X47e3f0a6b4fe0935a2c9f7636b0ee08c
2023-01-27 15:14:25 INFO::Fitting model to feature number 92, X4e0e102bf9b282ea11755a91b96624b4
2023-01-27 15:14:25 INFO::Fitting model to feature number 93, X98a36549bac10a20d1dbe610f29e6486
2023-01-27 15:14:25 INFO::Fitting model to feature number 94, X7cfe1cdbdc86383db3de7bcff0ff5220
2023-01-27 15:14:25 INFO::Fitting model to feature number 95, X6e47def147409ab425591e3dedf37c64
2023-01-27 15:14:25 INFO::Fitting model to feature number 96, X90b416b8bccb97f15ad1d289833be754
2023-01-27 15:14:25 INFO::Fitting model to feature number 97, fc4071be1b2d8d7899e4ffa3cbc2b363
2023-01-27 15:14:25 INFO::Fitting model to feature number 98, e8aad1586f72e889e15ad43cde327ce3
2023-01-27 15:14:25 INFO::Fitting model to feature number 99, e59670e05d8289ceceb83cacf6fc6840
2023-01-27 15:14:25 INFO::Fitting model to feature number 100, X29db84441918e03218d910eead9b0ec3
2023-01-27 15:14:25 INFO::Fitting model to feature number 101, X783290f794b9b6bdf00c06c42aa2545e
2023-01-27 15:14:25 INFO::Fitting model to feature number 102, X6724542f96010f1169a88c3c955e0654
2023-01-27 15:14:25 INFO::Fitting model to feature number 103, cc7d2b52a6f2f9628720e755681880d7
2023-01-27 15:14:25 INFO::Fitting model to feature number 104, X3183def5069f8931fe9c46ea6c3140b7
2023-01-27 15:14:25 INFO::Fitting model to feature number 105, X06ee41188481bf11932a3bf2f3385cb0
2023-01-27 15:14:25 INFO::Fitting model to feature number 106, X736ce27670617d33f544bc6d94365bf3
2023-01-27 15:14:25 INFO::Fitting model to feature number 107, X70af29755367062cb1b128540dfd8702
2023-01-27 15:14:25 INFO::Fitting model to feature number 108, c7d79b3dcb717836f937a65f07da20f0
2023-01-27 15:14:25 INFO::Fitting model to feature number 109, feddbe4768dc23fbc135a720ae79f4c1
2023-01-27 15:14:25 INFO::Fitting model to feature number 110, b77234cb97c196c0d2a8c3b35ca7109d
2023-01-27 15:14:25 INFO::Fitting model to feature number 111, e2f67dd1af669114c618cd3f7a008d1d
2023-01-27 15:14:25 INFO::Fitting model to feature number 112, X610091e7a757ce9796031dc25840e843
2023-01-27 15:14:25 INFO::Fitting model to feature number 113, X3c53950dae4ad166985012a3570c45ba
2023-01-27 15:14:25 INFO::Fitting model to feature number 114, b1ad056ec383b0b15ad978d40e798798
2023-01-27 15:14:25 INFO::Fitting model to feature number 115, X0344d3bc480746915da32233236a2be7
2023-01-27 15:14:25 INFO::Fitting model to feature number 116, X880f08ef6c0201789839db06eabd4aa0
2023-01-27 15:14:25 INFO::Fitting model to feature number 117, b9f98245fcd4c0fc2dca7d7a55b0b7ce
2023-01-27 15:14:25 INFO::Fitting model to feature number 118, X1f24212189e2455ad17305de873e3825
2023-01-27 15:14:25 INFO::Fitting model to feature number 119, X91ccd1344c9587a528745a2f8034e572
2023-01-27 15:14:25 INFO::Fitting model to feature number 120, ce583989af67978665c9df242e493c4f
2023-01-27 15:14:25 INFO::Fitting model to feature number 121, X210cdc6102315d5450e54558ec1eb77d
2023-01-27 15:14:25 INFO::Fitting model to feature number 122, X728a6ba75db7ba3ddceb1a6b937ef159
2023-01-27 15:14:25 INFO::Fitting model to feature number 123, X3db10a58f4005e3443e922cd8e54e7ae
2023-01-27 15:14:25 INFO::Fitting model to feature number 124, X65890da42d39b9bcfd42fd180923b471
2023-01-27 15:14:25 INFO::Fitting model to feature number 125, X57452c2127a9b51820f28993e39f755a
2023-01-27 15:14:25 INFO::Fitting model to feature number 126, cbe2ca619962f0ed28a75e916c5da3fe
2023-01-27 15:14:25 INFO::Fitting model to feature number 127, a11902a837a40a7b2ede6208b707b4a6
2023-01-27 15:14:25 INFO::Fitting model to feature number 128, ba1a951d2f61bc579046cdcc1b5700b9
2023-01-27 15:14:25 INFO::Fitting model to feature number 129, X40e4f3e6ec38f04964b2c63017f394be
2023-01-27 15:14:25 INFO::Fitting model to feature number 130, bccb1ec5d87c1704df11c6d1885dbc13
2023-01-27 15:14:25 INFO::Fitting model to feature number 131, X314a1ab160f2013359ccf955ab903db0
2023-01-27 15:14:25 INFO::Fitting model to feature number 132, X66b6d68b2af1b113a7ac3e7768a59bbc
2023-01-27 15:14:25 INFO::Fitting model to feature number 133, a4b505e2c0d0e2c340ad6ff67fbcec23
2023-01-27 15:14:25 INFO::Fitting model to feature number 134, X1b23e6e7f809f8d1e850d6721dfdc8bf
2023-01-27 15:14:25 INFO::Fitting model to feature number 135, X6c1e9ba2ade833960ed3f71ccb7111a1
2023-01-27 15:14:25 INFO::Fitting model to feature number 136, X283424d0a1333614b0503d06700bb8b2
2023-01-27 15:14:25 INFO::Fitting model to feature number 137, f1cb28014f2e86fb0a332d15c79d455d
2023-01-27 15:14:25 INFO::Fitting model to feature number 138, X6100617fc0eecad561af606e166f9454
2023-01-27 15:14:25 INFO::Fitting model to feature number 139, X686b850453613b8198bf118b1432b6ff
2023-01-27 15:14:25 INFO::Fitting model to feature number 140, X5d1010828679c759dac21cbbd279cb1d
2023-01-27 15:14:25 INFO::Fitting model to feature number 141, X4245c7105e09a2a456e6034060bc9bc1
2023-01-27 15:14:25 INFO::Fitting model to feature number 142, X3d0852f8508c2381a07a527c06708427
2023-01-27 15:14:25 INFO::Fitting model to feature number 143, X48e5002251e258f8c9cd39e9bee656b3
2023-01-27 15:14:25 INFO::Fitting model to feature number 144, X74c045ebc48a320d21c8207ef40ceb94
2023-01-27 15:14:25 INFO::Fitting model to feature number 145, a25b717049146bb7b28639d7118856db
2023-01-27 15:14:26 INFO::Fitting model to feature number 146, X4ff5c1ff6cdf389dfc63a8197ffe3189
2023-01-27 15:14:26 INFO::Fitting model to feature number 147, b8b1b69f22f34e75575a94d0024f2d01
2023-01-27 15:14:26 INFO::Fitting model to feature number 148, X3c8ad855746f9c2f944bca565b40abb8
2023-01-27 15:14:26 INFO::Fitting model to feature number 149, X0ac104d93cf135502e6e24c0402a6226
2023-01-27 15:14:26 INFO::Fitting model to feature number 150, X93bbf2e93a46ac05d7917085633f3742
2023-01-27 15:14:26 INFO::Fitting model to feature number 151, X08159ec92f73818419b38a449e297d93
2023-01-27 15:14:26 INFO::Fitting model to feature number 152, X2fe9774ce1da9b41b293863a6c9a9eff
2023-01-27 15:14:26 INFO::Fitting model to feature number 153, cd86bdc2eb77b8329400f43b9c3fca4f
2023-01-27 15:14:26 INFO::Fitting model to feature number 154, X4822c98c033c2575a5c1d27d35995cb0
2023-01-27 15:14:26 INFO::Fitting model to feature number 155, X2b12e6a00105bd361ba049a13b567f51
2023-01-27 15:14:26 INFO::Fitting model to feature number 156, X761e9d5848c196f342aa60726a378260
2023-01-27 15:14:26 INFO::Fitting model to feature number 157, b515c0dcd4d997e345da900f12d4aa55
2023-01-27 15:14:26 INFO::Fitting model to feature number 158, d174493e24b2f9044e79527a22542e30
2023-01-27 15:14:26 INFO::Fitting model to feature number 159, c52edff871d438f2e14bdd0730255c6c
2023-01-27 15:14:26 INFO::Fitting model to feature number 160, X70daff95dd374866166425a34a9f6d4c
2023-01-27 15:14:26 INFO::Fitting model to feature number 161, a41217c1cb1256af684a4be06eeb56a5
2023-01-27 15:14:26 INFO::Fitting model to feature number 162, X67108ec833a4a736d109173eee3c489a
2023-01-27 15:14:26 INFO::Fitting model to feature number 163, X395cf16ff5b5411d843d9f56b93aca77
2023-01-27 15:14:26 INFO::Fitting model to feature number 164, X0e5fe4d9eb3f97bf1ed1b6b79c867668
2023-01-27 15:14:26 INFO::Fitting model to feature number 165, X1ede3ae632e262696a37b091731ef7bf
2023-01-27 15:14:26 INFO::Fitting model to feature number 166, X1907745fe046cb11e23384a2b9f44f3e
2023-01-27 15:14:26 INFO::Fitting model to feature number 167, X759f4e8ce233449294d0315e50569673
2023-01-27 15:14:26 INFO::Fitting model to feature number 168, X31215131c1e98372e24787407de022d1
2023-01-27 15:14:26 INFO::Fitting model to feature number 169, X175bba213b88af6eaf04c232534db38b
2023-01-27 15:14:26 INFO::Fitting model to feature number 170, ea0192ef105425cb2ff19255b6bce132
2023-01-27 15:14:26 INFO::Fitting model to feature number 171, X0d05dc0174c28075c7bb8b0b8604908e
2023-01-27 15:14:26 INFO::Fitting model to feature number 172, X8f6e947838b48b958bbbe534059b245a
2023-01-27 15:14:26 INFO::Fitting model to feature number 173, b2a3532082cab449638f99abb1a71a98
2023-01-27 15:14:26 INFO::Fitting model to feature number 174, da4c923c4cb5997ba04f867f81bbee36
2023-01-27 15:14:26 INFO::Fitting model to feature number 175, f351373696aac6f83058d93804811ce0
2023-01-27 15:14:26 INFO::Fitting model to feature number 176, X06dfe24f2c882d5e7004e0ac1bb73835
2023-01-27 15:14:26 INFO::Fitting model to feature number 177, a30d36b895d5cc7dbf353dfa5b46002c
2023-01-27 15:14:26 INFO::Fitting model to feature number 178, X209c279034fd2fd416685d87e8fb24ef
2023-01-27 15:14:26 INFO::Fitting model to feature number 179, b4bf78b3429b30672788fbb3e74ea5d9
2023-01-27 15:14:26 INFO::Fitting model to feature number 180, c57164fb52a4ab8d974d00b65306afd8
2023-01-27 15:14:26 INFO::Fitting model to feature number 181, X14daf702860416f788a6b0306fd04c98
2023-01-27 15:14:26 INFO::Fitting model to feature number 182, X4f0f14c8581ce74f91ecf3212c943d63
2023-01-27 15:14:26 INFO::Fitting model to feature number 183, X90830d3601554f63ac83dee026bd3444
2023-01-27 15:14:26 INFO::Fitting model to feature number 184, X06677d86a911eed84cfda874846161e4
2023-01-27 15:14:26 INFO::Fitting model to feature number 185, X8c82f6de855bc490f9d501bb080b1678
2023-01-27 15:14:26 INFO::Fitting model to feature number 186, ac13ea16fc7d5b90addefd53af80cf54
2023-01-27 15:14:26 INFO::Fitting model to feature number 187, X3904cc34c56b1e750152fdb5cf45ac40
2023-01-27 15:14:26 INFO::Fitting model to feature number 188, X2ef8bc569ecbb79877894098cd78b9d2
2023-01-27 15:14:26 INFO::Fitting model to feature number 189, ba91bac7af3d02932bf582830d29c414
2023-01-27 15:14:26 INFO::Fitting model to feature number 190, X5e5e14f7cac97b7e98a64116d2be6075
2023-01-27 15:14:26 INFO::Fitting model to feature number 191, X7b3ebb7821f3dd3f1433483bc4b209bf
2023-01-27 15:14:26 INFO::Fitting model to feature number 192, X9e038acccca2a28a4afedf04346b8634
2023-01-27 15:14:26 INFO::Fitting model to feature number 193, X037e36e76995e81f200e96227998e0aa
2023-01-27 15:14:26 INFO::Fitting model to feature number 194, c8e06f1dfb23454f5c265d243992a7da
2023-01-27 15:14:26 INFO::Fitting model to feature number 195, X9f891d752e7090b0b38f7b3719d4e989
2023-01-27 15:14:26 INFO::Fitting model to feature number 196, X71ae0e576586bf2bd57edb54fc890e6d
2023-01-27 15:14:26 INFO::Fitting model to feature number 197, X028424776d8325decca7f93ad7f3c0c7
2023-01-27 15:14:26 INFO::Fitting model to feature number 198, e473f0d8cff58f058cbbc21a361903e3
2023-01-27 15:14:26 INFO::Fitting model to feature number 199, f30dd667c878b64512bb52fd2e172867
2023-01-27 15:14:26 INFO::Fitting model to feature number 200, X18928aee36074612445bb404176eaf0f
2023-01-27 15:14:26 INFO::Fitting model to feature number 201, X44c0c26a0ad3d288518c7922f20ea43e
2023-01-27 15:14:26 INFO::Fitting model to feature number 202, X27e522fe43e868a4877620fec40ede33
2023-01-27 15:14:26 INFO::Fitting model to feature number 203, X6f79d5c1831d51414de876a75806ed5a
2023-01-27 15:14:26 INFO::Fitting model to feature number 204, X66e8baaa4c4a1ae6178fbbcdbca18798
2023-01-27 15:14:26 INFO::Fitting model to feature number 205, a8399dfc4f39ee7737bf6e12ec6b6556
2023-01-27 15:14:26 INFO::Fitting model to feature number 206, a8173e411cc03a4221de8fa5d299dcc4
2023-01-27 15:14:26 INFO::Fitting model to feature number 207, X6d350ff06b4be888621865ff7ac49b24
2023-01-27 15:14:26 INFO::Fitting model to feature number 208, X544d2fed2b8a8fe74aaabaf9d26282bc
2023-01-27 15:14:26 INFO::Fitting model to feature number 209, X232e3f0673bc9a963a0e9d1d0a13551a
2023-01-27 15:14:26 INFO::Fitting model to feature number 210, X89a954acd5372cfe71760794eaa4ec9a
2023-01-27 15:14:26 INFO::Fitting model to feature number 211, X91896ca94141cb2caeb39e6c7cb4a5e5
2023-01-27 15:14:26 INFO::Fitting model to feature number 212, cd928d0c2ef4879c858626edacec7665
2023-01-27 15:14:26 INFO::Fitting model to feature number 213, X0168b9fe72490f0981a8b04bfa9587b2
2023-01-27 15:14:26 INFO::Fitting model to feature number 214, X17bfa5099ea216f8c2093cd6d4e96381
2023-01-27 15:14:26 INFO::Fitting model to feature number 215, X027a5a0b797b9e6e3552b4abff2ec92e
2023-01-27 15:14:26 INFO::Fitting model to feature number 216, c8a15005026f01cd501bab91041b4c96
2023-01-27 15:14:26 INFO::Fitting model to feature number 217, X93918aff5a2a393a09aa09a68c3cd57e
2023-01-27 15:14:26 INFO::Fitting model to feature number 218, X58c0b67189c96a793c98d12456cff3e7
2023-01-27 15:14:26 INFO::Fitting model to feature number 219, d6f7026fbbaa289cbabef41aa46e2150
2023-01-27 15:14:26 INFO::Fitting model to feature number 220, X5ae5bc9b3f75881bfe968fc6aaeca9aa
2023-01-27 15:14:26 INFO::Fitting model to feature number 221, X40f05cf08d591a84cb3c16feb4c6ea5b
2023-01-27 15:14:26 INFO::Fitting model to feature number 222, X3ae41735a8a498b714ba3c1f6827c276
2023-01-27 15:14:26 INFO::Fitting model to feature number 223, d64aca68985df50c57d298b9b67de63d
2023-01-27 15:14:26 INFO::Fitting model to feature number 224, b0b38a9ce590207c6b1c34e5f1260973
2023-01-27 15:14:26 INFO::Fitting model to feature number 225, e7a9bdc134005a94f20a679febee89b4
2023-01-27 15:14:26 INFO::Fitting model to feature number 226, fe40df1abda46259cc742df09fd2518b
2023-01-27 15:14:26 INFO::Fitting model to feature number 227, X324a4724ac54f2ae2be3f005355868b2
2023-01-27 15:14:26 INFO::Fitting model to feature number 228, X0e8b98ebeedc57a9572b61783ce94c7c
2023-01-27 15:14:26 INFO::Fitting model to feature number 229, X7de1d7b31274ebf4afd288ddd3b6ab41
2023-01-27 15:14:26 INFO::Fitting model to feature number 230, d0f8f892fc725df709e0b5cf18cacb4b
2023-01-27 15:14:26 INFO::Fitting model to feature number 231, a4e5ee1256207eea038d478b45c0a8da
2023-01-27 15:14:26 INFO::Fitting model to feature number 232, X34cde281f366f4cbacb0376f46771c96
2023-01-27 15:14:26 INFO::Fitting model to feature number 233, X4a671817c4986b022b2082a6fcfac8dd
2023-01-27 15:14:26 INFO::Fitting model to feature number 234, f917bae053bd48087d0b907902fd21cd
2023-01-27 15:14:26 INFO::Fitting model to feature number 235, cc7263b53b918c9bcc5f1f0c6c7cd41f
2023-01-27 15:14:26 INFO::Fitting model to feature number 236, X79009c33c7909d193ca3f184c3873ba8
2023-01-27 15:14:26 INFO::Fitting model to feature number 237, bf6a6c496e7747eec22abd92147b31f3
2023-01-27 15:14:26 INFO::Fitting model to feature number 238, c21050ba13515c5822c0455a7c9c4131
2023-01-27 15:14:26 INFO::Fitting model to feature number 239, X33060c372c662b5c90f9705418fc662c
2023-01-27 15:14:26 INFO::Fitting model to feature number 240, X1c207b2876c39e6b89ca70cac24793b7
2023-01-27 15:14:26 INFO::Fitting model to feature number 241, X4b1c95306d414ed2370552f637bfff3b
2023-01-27 15:14:26 INFO::Fitting model to feature number 242, X5c5260d9adba355e9b2eeed9885c945d
2023-01-27 15:14:26 INFO::Fitting model to feature number 243, cb5ac9ea244576a9d18b032c718d0cb2
2023-01-27 15:14:26 INFO::Fitting model to feature number 244, X656e2eda95232492868fc2db1bdfc0ed
2023-01-27 15:14:26 INFO::Fitting model to feature number 245, X2148048a66998c63064a2413d92b4c6e
2023-01-27 15:14:26 INFO::Fitting model to feature number 246, X98864f08e52d018b13b2e2d9bfeff4c1
2023-01-27 15:14:26 INFO::Fitting model to feature number 247, X58de50dc49987848db0d18aea707e2b8
2023-01-27 15:14:26 INFO::Fitting model to feature number 248, X9b43ed09413a37f30e4c727ff7b38023
2023-01-27 15:14:26 INFO::Fitting model to feature number 249, X18739556b0bd9c5e0a3316d556f1d3a0
2023-01-27 15:14:26 INFO::Fitting model to feature number 250, bca6f59119cec2fd4196080397018bc0
2023-01-27 15:14:26 INFO::Fitting model to feature number 251, e80c3e0f8b43ac9802e9ecb403413004
2023-01-27 15:14:26 INFO::Fitting model to feature number 252, X44913a924c3bfe1e0708f94a4b789222
2023-01-27 15:14:26 INFO::Fitting model to feature number 253, X0f14a5f69a7aa339704f35a84fa51cdd
2023-01-27 15:14:26 INFO::Fitting model to feature number 254, X920a064c14fc11121a5128e0f91cf8f3
2023-01-27 15:14:26 INFO::Fitting model to feature number 255, X982bd4121b6a4b610d58593dd4ff0440
2023-01-27 15:14:26 INFO::Fitting model to feature number 256, X1dffcbaa1c899cf968f0570bef1374de
2023-01-27 15:14:26 INFO::Fitting model to feature number 257, c0eba78ac251ee47946af7f33a36f823
2023-01-27 15:14:26 INFO::Fitting model to feature number 258, bada6cd815f15435fb4696fd622409ff
2023-01-27 15:14:26 INFO::Fitting model to feature number 259, X8ce4a4a3b1f47c295b3ef7b843e3325b
2023-01-27 15:14:26 INFO::Fitting model to feature number 260, b11f82cb79248145cf788f23229c857f
2023-01-27 15:14:26 INFO::Fitting model to feature number 261, fe1902722a1e7b4d29ff53a91ff41115
2023-01-27 15:14:26 INFO::Fitting model to feature number 262, X19fefc290b3df5c1205d5a45ec861d15
2023-01-27 15:14:26 INFO::Fitting model to feature number 263, X6a86f526db586cd0f77aebee8e48ac7f
2023-01-27 15:14:26 INFO::Fitting model to feature number 264, X2750c604c82ba1c302af18f0f3597ada
2023-01-27 15:14:27 INFO::Fitting model to feature number 265, X9af32d54787c8bf5d1969afcf1e9153f
2023-01-27 15:14:27 INFO::Fitting model to feature number 266, X7fc164ed7ba39f81643fde634e7a5206
2023-01-27 15:14:27 INFO::Fitting model to feature number 267, X9060ee7bfd8398fa37585a51e9724f6e
2023-01-27 15:14:27 INFO::Fitting model to feature number 268, X80932b9e60ea2d043f75f40bd39ede3c
2023-01-27 15:14:27 INFO::Fitting model to feature number 269, f9d3fc6627ecae7c2404038e56cf76af
2023-01-27 15:14:27 INFO::Fitting model to feature number 270, fad1b0ba66b63f41f4eef3d22b5a1096
2023-01-27 15:14:27 INFO::Fitting model to feature number 271, X8b3da49e7057875053bb385fd5a0bc47
2023-01-27 15:14:27 INFO::Fitting model to feature number 272, X4f23fc3e7ad34dc4b54f9d86d75003a6
2023-01-27 15:14:27 INFO::Fitting model to feature number 273, a6d8b747b382f67e186801ebf2b72896
2023-01-27 15:14:27 INFO::Fitting model to feature number 274, ad40eb452269bb5e3b8c408a7a874a72
2023-01-27 15:14:27 INFO::Fitting model to feature number 275, X9a6eb9025b10c92e55d132ab0a6f7e91
2023-01-27 15:14:27 INFO::Fitting model to feature number 276, X359120fd7bfa664495879dc71725fcd8
2023-01-27 15:14:27 INFO::Fitting model to feature number 277, X585e9d72fca6a1fff32c9778a48fba17
2023-01-27 15:14:27 INFO::Fitting model to feature number 278, c1f34e7469973a38c2d52324812694db
2023-01-27 15:14:27 INFO::Fitting model to feature number 279, X86852c3064038da5aa67b5ee57524057
2023-01-27 15:14:27 INFO::Fitting model to feature number 280, X4bcb742dfe54d266be40ce0d4faf3a94
2023-01-27 15:14:27 INFO::Fitting model to feature number 281, d3c74ae46794edbd1e91fdbe053c96fb
2023-01-27 15:14:27 INFO::Fitting model to feature number 282, X53ca26ca6f4acae721911a7a95124fd2
2023-01-27 15:14:27 INFO::Fitting model to feature number 283, e45d8475b06136181eb7b01647d5baa5
2023-01-27 15:14:27 INFO::Fitting model to feature number 284, X89bff6448f5d9895c81abd267786566c
2023-01-27 15:14:27 INFO::Fitting model to feature number 285, X31b01596560469aa36a3031918ed8135
2023-01-27 15:14:27 INFO::Fitting model to feature number 286, X2f8012fdbd28e0f8967b8a76b5b82546
2023-01-27 15:14:27 INFO::Fitting model to feature number 287, X3cee6f46ccbd8b4198f90f7721befb4f
2023-01-27 15:14:27 INFO::Fitting model to feature number 288, X3f65111c0cea5cbf1cc2b9778100538d
2023-01-27 15:14:27 INFO::Fitting model to feature number 289, X91cd74975171f1d03c12e93f6604ceca
2023-01-27 15:14:27 INFO::Fitting model to feature number 290, X3bf773406667971ea86fb2e6c304ad77
2023-01-27 15:14:27 INFO::Fitting model to feature number 291, X700049dea8fa718b92bef128b349bb0d
2023-01-27 15:14:27 INFO::Fitting model to feature number 292, X37caf8d458244d125f39cd1bed484f41
2023-01-27 15:14:27 INFO::Fitting model to feature number 293, X8ffec3d64037d7f8c753bd877d9a2950
2023-01-27 15:14:27 INFO::Fitting model to feature number 294, d41693aa2d1bff11597a5e68870bad8a
2023-01-27 15:14:27 INFO::Fitting model to feature number 295, X8613b70e91a137639752b788783119bc
2023-01-27 15:14:27 INFO::Fitting model to feature number 296, X0b9cf02d004b3c2c5d5b43301d7dc16a
2023-01-27 15:14:27 INFO::Fitting model to feature number 297, X001e0b02a8b67b0f2212d48d0ca00550
2023-01-27 15:14:27 INFO::Fitting model to feature number 298, X03bd974cbe96d5100aa984922ea932e4
2023-01-27 15:14:27 INFO::Fitting model to feature number 299, e122749996679d0179c54ca179b8fb39
2023-01-27 15:14:27 INFO::Fitting model to feature number 300, X7e60766f4473de9422153fe162f28f7c
2023-01-27 15:14:27 INFO::Fitting model to feature number 301, b4aa28ecb75ec246fbe2ee4ee3fa4817
2023-01-27 15:14:27 INFO::Fitting model to feature number 302, f698a8e49777d59c99467f8dc6808442
2023-01-27 15:14:27 INFO::Fitting model to feature number 303, bb8f3ddeb0db56848abc2fbe80dd614d
2023-01-27 15:14:27 INFO::Fitting model to feature number 304, X2ee0fbebe49c8051417656d6ff93b421
2023-01-27 15:14:27 INFO::Fitting model to feature number 305, X9da0cc27e47d9a02089ba16f2e45b957
2023-01-27 15:14:27 INFO::Fitting model to feature number 306, X0c1aa28df41dae5ecf381d2c49dd04d5
2023-01-27 15:14:27 INFO::Fitting model to feature number 307, X8beba938c77f34816c2701d6c39b9419
2023-01-27 15:14:27 INFO::Fitting model to feature number 308, X59506e65fcfba7b3bf99eaf6ca023c8d
2023-01-27 15:14:27 INFO::Fitting model to feature number 309, a5741f9094b2d5a9d961fe93727629ef
2023-01-27 15:14:27 INFO::Fitting model to feature number 310, X61d5ec034c549ccb91668e7cf24b505a
2023-01-27 15:14:27 INFO::Fitting model to feature number 311, f207b495b75a0e9cc2dcec8b47806546
2023-01-27 15:14:27 INFO::Fitting model to feature number 312, X0f2eb087a64b10e4f5dfa02383373a42
2023-01-27 15:14:27 INFO::Fitting model to feature number 313, X78a712c5b15caf36caa6bf3cc005f109
2023-01-27 15:14:27 INFO::Fitting model to feature number 314, X91c90a7afc776069e7a23d705d42e73f
2023-01-27 15:14:27 INFO::Fitting model to feature number 315, X3677ee9e6f0c96fbfcf1b4e87237b84b
2023-01-27 15:14:27 INFO::Fitting model to feature number 316, X5ff55d2188160c543feb47e6fc44de7d
2023-01-27 15:14:27 INFO::Fitting model to feature number 317, fcdcaeb26d04ab50fef2195429f4fc0e
2023-01-27 15:14:27 INFO::Fitting model to feature number 318, X66e43e6b6605b74f2ad7c825432f98ce
2023-01-27 15:14:27 INFO::Fitting model to feature number 319, X842ffd6a21458fbc8039cd8e7bcd5434
2023-01-27 15:14:27 INFO::Fitting model to feature number 320, X0120a76c78e15b1f800ee6ef8516f474
2023-01-27 15:14:27 INFO::Fitting model to feature number 321, X575d5f0e168dd096bf1fbe445d3e5de5
2023-01-27 15:14:27 INFO::Fitting model to feature number 322, X5d9e2426b49af975a7f4fee11e8ad074
2023-01-27 15:14:27 INFO::Fitting model to feature number 323, X392d32d026c05c3a2b30fdcc4a19afb7
2023-01-27 15:14:27 INFO::Fitting model to feature number 324, cc533354b7f71ccf64a784a9b6118411
2023-01-27 15:14:27 INFO::Fitting model to feature number 325, X8b4ae28f3fdda0e708f4751c0fad63af
2023-01-27 15:14:27 INFO::Fitting model to feature number 326, X0d8234a81e56e7278a61416999cf770b
2023-01-27 15:14:27 INFO::Fitting model to feature number 327, X246981cf1a6af573f5aedcff72a82f6a
2023-01-27 15:14:27 INFO::Fitting model to feature number 328, X234076043f353c851f4530e4453ec141
2023-01-27 15:14:27 INFO::Fitting model to feature number 329, d399b126d59c952d483acae28725a77b
2023-01-27 15:14:27 INFO::Fitting model to feature number 330, X362dbf5007c37e48418ca5dc70c67e30
2023-01-27 15:14:27 INFO::Fitting model to feature number 331, e2815d3a53e094ab95934fbfb6f534aa
2023-01-27 15:14:27 INFO::Fitting model to feature number 332, X0398bd40d3732d96290aec0ca7b79699
2023-01-27 15:14:27 INFO::Fitting model to feature number 333, a3accee51370d65a3e1ffdb772e45595
2023-01-27 15:14:27 INFO::Fitting model to feature number 334, X8acc03fd417f61b515c084b5f3dfca48
2023-01-27 15:14:27 INFO::Fitting model to feature number 335, X1334f9ddb8a1e09d7c9266b5b54bb3e3
2023-01-27 15:14:27 INFO::Fitting model to feature number 336, X0b5a34048bbcf9faba428701569d9b5d
2023-01-27 15:14:27 INFO::Fitting model to feature number 337, X26a81ceb40f85ca5fea00210b94ab677
2023-01-27 15:14:27 INFO::Fitting model to feature number 338, eebf49e42a9d35acf951e030af8535ca
2023-01-27 15:14:27 INFO::Fitting model to feature number 339, X6688781380f0d23c39bd781d62aa5ae1
2023-01-27 15:14:27 INFO::Fitting model to feature number 340, e40dc93d4cb24d34e64dde75d5024e47
2023-01-27 15:14:27 INFO::Fitting model to feature number 341, ee53b602f382cee53d61c10aac0edf44
2023-01-27 15:14:27 INFO::Fitting model to feature number 342, d6dca5d01c702d232a5bd874d405d10e
2023-01-27 15:14:27 INFO::Fitting model to feature number 343, X7a651e61c4905801bae819535cd73ec5
2023-01-27 15:14:27 INFO::Fitting model to feature number 344, X009b5bf0adf5973965de480205ab0c3c
2023-01-27 15:14:27 INFO::Fitting model to feature number 345, X008c6a289e15ee65f00f2df6bf1690f3
2023-01-27 15:14:27 INFO::Fitting model to feature number 346, X2d9d993eebc2bef807a727089f83ca81
2023-01-27 15:14:27 INFO::Fitting model to feature number 347, X72e227ea374ec367b5f0691aa6ea5d2d
2023-01-27 15:14:27 INFO::Fitting model to feature number 348, X66184a3f4225a7feffd0e5bc9dd43d61
2023-01-27 15:14:27 INFO::Fitting model to feature number 349, X63f4c37ac3daa5888573f097655507ee
2023-01-27 15:14:27 INFO::Fitting model to feature number 350, dd64269783beacbb3ad6ce18cc8f93f4
2023-01-27 15:14:27 INFO::Fitting model to feature number 351, c8b2b5bf602f7e3ebe169e225a4cc217
2023-01-27 15:14:27 INFO::Fitting model to feature number 352, X36e846c88c89f9387e0cec131800f63c
2023-01-27 15:14:27 INFO::Fitting model to feature number 353, X0027320038de0b00883ef3d67aa9489d
2023-01-27 15:14:27 INFO::Fitting model to feature number 354, X4986bdd4634b6f49cf2a70dfb3cbad77
2023-01-27 15:14:27 INFO::Fitting model to feature number 355, bcebcf852d1eba5b80d4b1389ef492e5
2023-01-27 15:14:27 INFO::Fitting model to feature number 356, dd31b7fa7cdbc4682ae7f503c08ba2f1
2023-01-27 15:14:27 INFO::Fitting model to feature number 357, X817c98cbf34cefd0d972a0baf6a771c6
2023-01-27 15:14:27 INFO::Fitting model to feature number 358, cfe11bdb7183eb60bca500c721e7a92d
2023-01-27 15:14:27 INFO::Fitting model to feature number 359, e182d44e2e8da45e433afd604ab3ceed
2023-01-27 15:14:27 INFO::Fitting model to feature number 360, f68e26be4cf5272fb3092a1e43a9daa5
2023-01-27 15:14:27 INFO::Fitting model to feature number 361, X2091e8a1dd729ec96cfa2950463ce767
2023-01-27 15:14:27 INFO::Fitting model to feature number 362, X940dba27bbca6a6bb69c6a9acc438351
2023-01-27 15:14:27 INFO::Fitting model to feature number 363, X2dc36c025e4ad8281062bd427edf6519
2023-01-27 15:14:27 INFO::Fitting model to feature number 364, X2b504e11bd01bd6b24b0226e27c9396b
2023-01-27 15:14:27 INFO::Fitting model to feature number 365, X647e22b3c5f15a4556e248d9afb257fe
2023-01-27 15:14:27 INFO::Fitting model to feature number 366, c1a3768ff732cd0abd942f9552f2cd11
2023-01-27 15:14:27 INFO::Fitting model to feature number 367, X653c4cfea8f4645ce2fadba47048610f
2023-01-27 15:14:27 INFO::Fitting model to feature number 368, X576d3e7964daa9a0ac7c28fb6d323e56
2023-01-27 15:14:27 INFO::Fitting model to feature number 369, X93faf98ee03146a6ad31978ca5ae5836
2023-01-27 15:14:27 INFO::Fitting model to feature number 370, X43dbea69a440e995d2037e207909accf
2023-01-27 15:14:27 INFO::Fitting model to feature number 371, X6b136fe995f7dcd66733ef8e5efb9a1a
2023-01-27 15:14:27 INFO::Fitting model to feature number 372, X8aa0be9d06db646922990feedcf342c5
2023-01-27 15:14:27 INFO::Fitting model to feature number 373, X14c8ae25271a4fc397f9f6237a868708
2023-01-27 15:14:27 INFO::Fitting model to feature number 374, X839f7dd0e82c61defc173f48a8cf54fd
2023-01-27 15:14:27 INFO::Fitting model to feature number 375, X3983471ef76272d0a7a2b8bdbbaa49e7
2023-01-27 15:14:27 INFO::Fitting model to feature number 376, X92e93a43e01be067f1c8cb696a14c0b4
2023-01-27 15:14:27 INFO::Fitting model to feature number 377, bff7e62ccfa0aebdfafc56c66bd878aa
2023-01-27 15:14:27 INFO::Fitting model to feature number 378, X74a2748146358c7faf58d9d3a87413ac
2023-01-27 15:14:27 INFO::Fitting model to feature number 379, X16dfd1cc25c62be62bb6cb9198799056
2023-01-27 15:14:27 INFO::Fitting model to feature number 380, X0869bfcc0ab65c79993fca539812994b
2023-01-27 15:14:28 INFO::Fitting model to feature number 381, ac1d61d056e848e05b21b423ad46b289
2023-01-27 15:14:28 INFO::Fitting model to feature number 382, X9a6f4245cf9cb62db5a63f791e9d510a
2023-01-27 15:14:28 INFO::Fitting model to feature number 383, X6b23686a4fea43cccce5ecf2323decac
2023-01-27 15:14:28 INFO::Fitting model to feature number 384, X10b2f2e16023cfaf86f536b0c6193155
2023-01-27 15:14:28 INFO::Counting total values for each feature
2023-01-27 15:14:28 INFO::Writing residuals to file PFF_Microbiome_Maaslin2_Genotype_Sex/residuals.rds
2023-01-27 15:14:28 INFO::Writing fitted values to file PFF_Microbiome_Maaslin2_Genotype_Sex/fitted.rds
2023-01-27 15:14:28 INFO::Writing all results to file (ordered by increasing q-values): PFF_Microbiome_Maaslin2_Genotype_Sex/all_results.tsv
2023-01-27 15:14:28 INFO::Writing the significant results (those which are less than or equal to the threshold of 0.250000 ) to file (ordered by increasing q-values): PFF_Microbiome_Maaslin2_Genotype_Sex/significant_results.tsv
